d:\bartenginegit\bartengine_1.0.0\bartengine\debug\bartengine.pdb
d:\bartenginegit\bartengine_1.0.0\bartengine\debug\bartengine.idb
d:\bartenginegit\bartengine_1.0.0\bartengine\debug\imagelayer.obj
d:\bartenginegit\bartengine_1.0.0\bartengine\debug\nulltimer.obj
d:\bartenginegit\bartengine_1.0.0\bartengine\debug\nullscene.obj
d:\bartenginegit\bartengine_1.0.0\bartengine\debug\nulllogger.obj
d:\bartenginegit\bartengine_1.0.0\bartengine\debug\nullinput.obj
d:\bartenginegit\bartengine_1.0.0\bartengine\debug\nullgraphic.obj
d:\bartenginegit\bartengine_1.0.0\bartengine\debug\nullcollision.obj
d:\bartenginegit\bartengine_1.0.0\bartengine\debug\nullaudio.obj
d:\bartenginegit\bartengine_1.0.0\bartengine\debug\music.obj
d:\bartenginegit\bartengine_1.0.0\bartengine\debug\layer.obj
d:\bartenginegit\bartengine_1.0.0\bartengine\debug\entity.obj
d:\bartenginegit\bartengine_1.0.0\bartengine\debug\engine.obj
d:\bartenginegit\bartengine_1.0.0\bartengine\debug\color.obj
d:\bartenginegit\bartengine_1.0.0\bartengine\debug\circlecollider.obj
d:\bartenginegit\bartengine_1.0.0\bartengine\debug\circle.obj
d:\bartenginegit\bartengine_1.0.0\bartengine\debug\camera.obj
d:\bartenginegit\bartengine_1.0.0\bartengine\debug\basecollision.obj
d:\bartenginegit\bartengine_1.0.0\bartengine\debug\background.obj
d:\bartenginegit\bartengine_1.0.0\bartengine\debug\atlas.obj
d:\bartenginegit\bartengine_1.0.0\bartengine\debug\animation.obj
d:\bartenginegit\bartengine_1.0.0\bartengine\debug\transform.obj
d:\bartenginegit\bartengine_1.0.0\bartengine\debug\tileset.obj
d:\bartenginegit\bartengine_1.0.0\bartengine\debug\tileproperty.obj
d:\bartenginegit\bartengine_1.0.0\bartengine\debug\tilemap.obj
d:\bartenginegit\bartengine_1.0.0\bartengine\debug\tilelayer.obj
d:\bartenginegit\bartengine_1.0.0\bartengine\debug\text.obj
d:\bartenginegit\bartengine_1.0.0\bartengine\debug\stdlogger.obj
d:\bartenginegit\bartengine_1.0.0\bartengine\debug\sprite.obj
d:\bartenginegit\bartengine_1.0.0\bartengine\debug\sound.obj
d:\bartenginegit\bartengine_1.0.0\bartengine\debug\sdltimer.obj
d:\bartenginegit\bartengine_1.0.0\bartengine\debug\sdlinput.obj
d:\bartenginegit\bartengine_1.0.0\bartengine\debug\filelogger.obj
d:\bartenginegit\bartengine_1.0.0\bartengine\debug\sdlgraphics.obj
d:\bartenginegit\bartengine_1.0.0\bartengine\debug\sdlaudio.obj
d:\bartenginegit\bartengine_1.0.0\bartengine\debug\scenemanager.obj
d:\bartenginegit\bartengine_1.0.0\bartengine\debug\rectcollider.obj
d:\bartenginegit\bartengine_1.0.0\bartengine\debug\rectangle.obj
d:\bartenginegit\bartengine_1.0.0\bartengine\debug\point.obj
d:\bartenginegit\bartengine_1.0.0\bartengine\debug\objectlayer.obj
d:\bartenginegit\bartengine_1.0.0\bartengine\debug\objectfactory.obj
d:\bartenginegit\bartengine_1.0.0\bartengine\debug\world.obj
d:\bartenginegit\bartengine_1.0.0\bartengine\debug\vslogger.obj
d:\bartenginegit\bartengine_1.0.0\bartengine\debug\bartengine.tlog\cl.command.1.tlog
d:\bartenginegit\bartengine_1.0.0\bartengine\debug\bartengine.tlog\cl.read.1.tlog
d:\bartenginegit\bartengine_1.0.0\bartengine\debug\bartengine.tlog\cl.write.1.tlog
d:\bartenginegit\bartengine_1.0.0\bartengine\debug\bartengine.tlog\lib-link.read.1.tlog
d:\bartenginegit\bartengine_1.0.0\bartengine\debug\bartengine.tlog\lib-link.write.1.tlog
d:\bartenginegit\bartengine_1.0.0\bartengine\debug\bartengine.tlog\lib.command.1.tlog
