d:\bartengine_1.0.0\game\debug\vc141.pdb
d:\bartengine_1.0.0\game\debug\vc141.idb
d:\bartengine_1.0.0\game\debug\testmap.obj
d:\bartengine_1.0.0\game\debug\statsbox.obj
d:\bartengine_1.0.0\game\debug\scorebox.obj
d:\bartengine_1.0.0\game\debug\rectentity.obj
d:\bartengine_1.0.0\game\debug\nextblockbox.obj
d:\bartengine_1.0.0\game\debug\menuscreen.obj
d:\bartengine_1.0.0\game\debug\menuoption.obj
d:\bartengine_1.0.0\game\debug\mainmenu.obj
d:\bartengine_1.0.0\game\debug\linebox.obj
d:\bartengine_1.0.0\game\debug\gamescreen.obj
d:\bartengine_1.0.0\game\debug\gameplay.obj
d:\bartengine_1.0.0\game\debug\game.obj
d:\bartengine_1.0.0\game\debug\demomap.obj
d:\bartengine_1.0.0\game\debug\boardcontrol.obj
d:\bartengine_1.0.0\game\debug\board.obj
d:\bartengine_1.0.0\game\debug\block.obj
d:\bartengine_1.0.0\game\debug\assets.obj
d:\bartengine_1.0.0\debug\game.ilk
d:\bartengine_1.0.0\debug\game.exe
d:\bartengine_1.0.0\debug\game.pdb
d:\bartengine_1.0.0\game\debug\game.tlog\cl.command.1.tlog
d:\bartengine_1.0.0\game\debug\game.tlog\cl.read.1.tlog
d:\bartengine_1.0.0\game\debug\game.tlog\cl.write.1.tlog
d:\bartengine_1.0.0\game\debug\game.tlog\link.command.1.tlog
d:\bartengine_1.0.0\game\debug\game.tlog\link.read.1.tlog
d:\bartengine_1.0.0\game\debug\game.tlog\link.write.1.tlog
