  Ennemy.cpp
d:\bartenginegit\bartengine_1.0.0\game\sources\ennemy.cpp(69): warning C4244: '=': conversion from 'double' to 'int', possible loss of data
d:\bartenginegit\bartengine_1.0.0\game\sources\ennemy.cpp(70): warning C4244: '=': conversion from 'int' to 'float', possible loss of data
d:\bartenginegit\bartengine_1.0.0\game\sources\ennemy.cpp(75): warning C4244: '=': conversion from 'int' to 'float', possible loss of data
d:\bartenginegit\bartengine_1.0.0\game\sources\ennemy.cpp(91): warning C4244: '=': conversion from 'int' to 'float', possible loss of data
d:\bartenginegit\bartengine_1.0.0\game\sources\ennemy.cpp(98): warning C4244: 'argument': conversion from 'double' to 'float', possible loss of data
d:\bartenginegit\bartengine_1.0.0\game\sources\ennemy.cpp(172): warning C4305: 'argument': truncation from 'double' to 'float'
d:\bartenginegit\bartengine_1.0.0\game\sources\ennemy.cpp(230): warning C4305: 'argument': truncation from 'double' to 'float'
  Player.cpp
d:\bartenginegit\bartengine_1.0.0\game\sources\player.cpp(9): warning C4067: unexpected tokens following preprocessor directive - expected a newline
d:\bartenginegit\bartengine_1.0.0\game\sources\player.cpp(40): warning C4305: 'argument': truncation from 'double' to 'float'
d:\bartenginegit\bartengine_1.0.0\game\sources\player.cpp(44): warning C4305: 'argument': truncation from 'double' to 'float'
d:\bartenginegit\bartengine_1.0.0\game\sources\player.cpp(93): warning C4244: '=': conversion from 'double' to 'int', possible loss of data
d:\bartenginegit\bartengine_1.0.0\game\sources\player.cpp(94): warning C4244: '=': conversion from 'int' to 'float', possible loss of data
d:\bartenginegit\bartengine_1.0.0\game\sources\player.cpp(99): warning C4244: '=': conversion from 'int' to 'float', possible loss of data
d:\bartenginegit\bartengine_1.0.0\game\sources\player.cpp(120): warning C4244: '=': conversion from 'int' to 'float', possible loss of data
d:\bartenginegit\bartengine_1.0.0\game\sources\player.cpp(131): warning C4305: 'argument': truncation from 'double' to 'float'
d:\bartenginegit\bartengine_1.0.0\game\sources\player.cpp(135): warning C4305: 'argument': truncation from 'double' to 'float'
d:\bartenginegit\bartengine_1.0.0\game\sources\player.cpp(145): warning C4244: 'argument': conversion from 'double' to 'float', possible loss of data
d:\bartenginegit\bartengine_1.0.0\game\sources\player.cpp(160): warning C4305: 'argument': truncation from 'double' to 'float'
d:\bartenginegit\bartengine_1.0.0\game\sources\player.cpp(164): warning C4305: 'argument': truncation from 'double' to 'float'
d:\bartenginegit\bartengine_1.0.0\game\sources\player.cpp(171): warning C4305: 'argument': truncation from 'double' to 'float'
d:\bartenginegit\bartengine_1.0.0\game\sources\player.cpp(175): warning C4305: 'argument': truncation from 'double' to 'float'
d:\bartenginegit\bartengine_1.0.0\game\sources\player.cpp(236): warning C4018: '<': signed/unsigned mismatch
  Generating Code...
  game.vcxproj -> D:\BartEngineGit\BartEngine_1.0.0\Debug\game.exe
